# Logfile created on 2016-05-19 11:36:49 +0700 by logger.rb/47272
D, [2016-05-19T12:07:27.882435 #13721] DEBUG -- : DRAGONFLY: shell command: '/usr/bin/convert' '/home/hamidin/workspace/wagon/wisdom/public/images/gyeongbokgung-full.jpg' '-resize' '400x' '/tmp/dragonfly20160519-13721-guu2nq.jpg'
I, [2016-05-19T12:07:28.652243 #13721]  INFO -- : DRAGONFLY: GET /steam/dynamic/W1siZmYiLCIvaG9tZS9oYW1pZGluL3dvcmtzcGFjZS93YWdvbi93aXNkb20vcHVibGljL2ltYWdlcy9neWVvbmdib2tndW5nLWZ1bGwuanBnIl0sWyJwIiwidGh1bWIiLCI0MDB4Il1d/7b85f25828b7b928/gyeongbokgung-full.jpg 200
I, [2016-05-19T12:08:12.826173 #13721]  INFO -- : DRAGONFLY: GET /steam/dynamic/W1siZmYiLCIvaG9tZS9oYW1pZGluL3dvcmtzcGFjZS93YWdvbi93aXNkb20vcHVibGljL2ltYWdlcy9neWVvbmdib2tndW5nLWZ1bGwuanBnIl0sWyJwIiwidGh1bWIiLCI0MDB4Il1d/7b85f25828b7b928/gyeongbokgung-full.jpg 304
I, [2016-05-19T12:08:38.745495 #13721]  INFO -- : DRAGONFLY: GET /steam/dynamic/W1siZmYiLCIvaG9tZS9oYW1pZGluL3dvcmtzcGFjZS93YWdvbi93aXNkb20vcHVibGljL2ltYWdlcy9neWVvbmdib2tndW5nLWZ1bGwuanBnIl0sWyJwIiwidGh1bWIiLCI0MDB4Il1d/7b85f25828b7b928/gyeongbokgung-full.jpg 304
I, [2016-05-19T12:08:57.878242 #13721]  INFO -- : DRAGONFLY: GET /steam/dynamic/W1siZmYiLCIvaG9tZS9oYW1pZGluL3dvcmtzcGFjZS93YWdvbi93aXNkb20vcHVibGljL2ltYWdlcy9neWVvbmdib2tndW5nLWZ1bGwuanBnIl0sWyJwIiwidGh1bWIiLCI0MDB4Il1d/7b85f25828b7b928/gyeongbokgung-full.jpg 304
D, [2016-05-19T12:09:21.351490 #13721] DEBUG -- : DRAGONFLY: shell command: '/usr/bin/convert' '/home/hamidin/workspace/wagon/wisdom/public/images/gyeongbokgung-full.jpg' '-resize' '600x' '/tmp/dragonfly20160519-13721-qac6k3.jpg'
I, [2016-05-19T12:09:21.494468 #13721]  INFO -- : DRAGONFLY: GET /steam/dynamic/W1siZmYiLCIvaG9tZS9oYW1pZGluL3dvcmtzcGFjZS93YWdvbi93aXNkb20vcHVibGljL2ltYWdlcy9neWVvbmdib2tndW5nLWZ1bGwuanBnIl0sWyJwIiwidGh1bWIiLCI2MDB4Il1d/5047f9fe10309ad5/gyeongbokgung-full.jpg 200
I, [2016-05-19T12:09:45.285577 #13721]  INFO -- : DRAGONFLY: GET /steam/dynamic/W1siZmYiLCIvaG9tZS9oYW1pZGluL3dvcmtzcGFjZS93YWdvbi93aXNkb20vcHVibGljL2ltYWdlcy9neWVvbmdib2tndW5nLWZ1bGwuanBnIl0sWyJwIiwidGh1bWIiLCI0MDB4Il1d/7b85f25828b7b928/gyeongbokgung-full.jpg 304
I, [2016-05-19T12:10:46.476652 #13721]  INFO -- : DRAGONFLY: GET /steam/dynamic/W1siZmYiLCIvaG9tZS9oYW1pZGluL3dvcmtzcGFjZS93YWdvbi93aXNkb20vcHVibGljL2ltYWdlcy9neWVvbmdib2tndW5nLWZ1bGwuanBnIl0sWyJwIiwidGh1bWIiLCI0MDB4Il1d/7b85f25828b7b928/gyeongbokgung-full.jpg 304
I, [2016-05-19T12:11:00.025552 #13721]  INFO -- : DRAGONFLY: GET /steam/dynamic/W1siZmYiLCIvaG9tZS9oYW1pZGluL3dvcmtzcGFjZS93YWdvbi93aXNkb20vcHVibGljL2ltYWdlcy9neWVvbmdib2tndW5nLWZ1bGwuanBnIl0sWyJwIiwidGh1bWIiLCI0MDB4Il1d/7b85f25828b7b928/gyeongbokgung-full.jpg 304
I, [2016-05-19T12:11:57.694051 #13721]  INFO -- : DRAGONFLY: GET /steam/dynamic/W1siZmYiLCIvaG9tZS9oYW1pZGluL3dvcmtzcGFjZS93YWdvbi93aXNkb20vcHVibGljL2ltYWdlcy9neWVvbmdib2tndW5nLWZ1bGwuanBnIl0sWyJwIiwidGh1bWIiLCI0MDB4Il1d/7b85f25828b7b928/gyeongbokgung-full.jpg 304
I, [2016-05-19T12:11:59.120683 #13721]  INFO -- : DRAGONFLY: GET /steam/dynamic/W1siZmYiLCIvaG9tZS9oYW1pZGluL3dvcmtzcGFjZS93YWdvbi93aXNkb20vcHVibGljL2ltYWdlcy9neWVvbmdib2tndW5nLWZ1bGwuanBnIl0sWyJwIiwidGh1bWIiLCI0MDB4Il1d/7b85f25828b7b928/gyeongbokgung-full.jpg 304
D, [2016-05-19T12:12:00.074979 #13721] DEBUG -- : DRAGONFLY: shell command: '/usr/bin/convert' '/home/hamidin/workspace/wagon/wisdom/public/images/gyeongbokgung-full.jpg' '-resize' '800x' '/tmp/dragonfly20160519-13721-15zni3p.jpg'
I, [2016-05-19T12:12:00.211069 #13721]  INFO -- : DRAGONFLY: GET /steam/dynamic/W1siZmYiLCIvaG9tZS9oYW1pZGluL3dvcmtzcGFjZS93YWdvbi93aXNkb20vcHVibGljL2ltYWdlcy9neWVvbmdib2tndW5nLWZ1bGwuanBnIl0sWyJwIiwidGh1bWIiLCI4MDB4Il1d/9a8b890e0f2b4a5a/gyeongbokgung-full.jpg 200
I, [2016-05-19T12:12:37.417649 #13721]  INFO -- : DRAGONFLY: GET /steam/dynamic/W1siZmYiLCIvaG9tZS9oYW1pZGluL3dvcmtzcGFjZS93YWdvbi93aXNkb20vcHVibGljL2ltYWdlcy9neWVvbmdib2tndW5nLWZ1bGwuanBnIl0sWyJwIiwidGh1bWIiLCI0MDB4Il1d/7b85f25828b7b928/gyeongbokgung-full.jpg 304
I, [2016-05-19T12:12:38.309593 #13721]  INFO -- : DRAGONFLY: GET /steam/dynamic/W1siZmYiLCIvaG9tZS9oYW1pZGluL3dvcmtzcGFjZS93YWdvbi93aXNkb20vcHVibGljL2ltYWdlcy9neWVvbmdib2tndW5nLWZ1bGwuanBnIl0sWyJwIiwidGh1bWIiLCI4MDB4Il1d/9a8b890e0f2b4a5a/gyeongbokgung-full.jpg 304
I, [2016-05-19T12:18:17.266617 #13721]  INFO -- : DRAGONFLY: GET /steam/dynamic/W1siZmYiLCIvaG9tZS9oYW1pZGluL3dvcmtzcGFjZS93YWdvbi93aXNkb20vcHVibGljL2ltYWdlcy9neWVvbmdib2tndW5nLWZ1bGwuanBnIl0sWyJwIiwidGh1bWIiLCI0MDB4Il1d/7b85f25828b7b928/gyeongbokgung-full.jpg 304
I, [2016-05-19T12:18:19.680807 #13721]  INFO -- : DRAGONFLY: GET /steam/dynamic/W1siZmYiLCIvaG9tZS9oYW1pZGluL3dvcmtzcGFjZS93YWdvbi93aXNkb20vcHVibGljL2ltYWdlcy9neWVvbmdib2tndW5nLWZ1bGwuanBnIl0sWyJwIiwidGh1bWIiLCI4MDB4Il1d/9a8b890e0f2b4a5a/gyeongbokgung-full.jpg 304
I, [2016-05-19T12:18:43.020989 #13721]  INFO -- : DRAGONFLY: GET /steam/dynamic/W1siZmYiLCIvaG9tZS9oYW1pZGluL3dvcmtzcGFjZS93YWdvbi93aXNkb20vcHVibGljL2ltYWdlcy9neWVvbmdib2tndW5nLWZ1bGwuanBnIl0sWyJwIiwidGh1bWIiLCI0MDB4Il1d/7b85f25828b7b928/gyeongbokgung-full.jpg 304
I, [2016-05-19T12:18:44.617290 #13721]  INFO -- : DRAGONFLY: GET /steam/dynamic/W1siZmYiLCIvaG9tZS9oYW1pZGluL3dvcmtzcGFjZS93YWdvbi93aXNkb20vcHVibGljL2ltYWdlcy9neWVvbmdib2tndW5nLWZ1bGwuanBnIl0sWyJwIiwidGh1bWIiLCI4MDB4Il1d/9a8b890e0f2b4a5a/gyeongbokgung-full.jpg 304
I, [2016-05-19T12:19:14.564383 #13721]  INFO -- : DRAGONFLY: GET /steam/dynamic/W1siZmYiLCIvaG9tZS9oYW1pZGluL3dvcmtzcGFjZS93YWdvbi93aXNkb20vcHVibGljL2ltYWdlcy9neWVvbmdib2tndW5nLWZ1bGwuanBnIl0sWyJwIiwidGh1bWIiLCI0MDB4Il1d/7b85f25828b7b928/gyeongbokgung-full.jpg 304
I, [2016-05-19T12:19:22.260170 #13721]  INFO -- : DRAGONFLY: GET /steam/dynamic/W1siZmYiLCIvaG9tZS9oYW1pZGluL3dvcmtzcGFjZS93YWdvbi93aXNkb20vcHVibGljL2ltYWdlcy9neWVvbmdib2tndW5nLWZ1bGwuanBnIl0sWyJwIiwidGh1bWIiLCI0MDB4Il1d/7b85f25828b7b928/gyeongbokgung-full.jpg 304
I, [2016-05-19T12:19:23.774832 #13721]  INFO -- : DRAGONFLY: GET /steam/dynamic/W1siZmYiLCIvaG9tZS9oYW1pZGluL3dvcmtzcGFjZS93YWdvbi93aXNkb20vcHVibGljL2ltYWdlcy9neWVvbmdib2tndW5nLWZ1bGwuanBnIl0sWyJwIiwidGh1bWIiLCI4MDB4Il1d/9a8b890e0f2b4a5a/gyeongbokgung-full.jpg 304
